Build started 3/10/2016 6:23:12 PM.
     1>Project "C:\Worst ninja ever\win32\gametest.vcxproj" on node 2 (build target(s)).
     1>InitializeBuildStatus:
         Touching "Debug\gametest.unsuccessfulbuild".
       ClCompile:
         All outputs are up-to-date.
       Link:
         c:\Program Files (x86)\Microsoft Visual Studio 10.0\VC\bin\link.exe /ERRORREPORT:PROMPT /OUT:"../gametest.exe" /NOLOGO kernel32.lib user32.lib gdi32.lib winspool.lib comdlg32.lib advapi32.lib shell32.lib ole32.lib oleaut32.lib uuid.lib odbc32.lib odbccp32.lib SDL2.lib SDL2main.lib SDL2_image.lib /MANIFEST /ManifestFile:"Debug\gametest.exe.intermediate.manifest" /MANIFESTUAC:"level='asInvoker' uiAccess='false'" /DEBUG /PDB:"C:\Worst ninja ever\gametest.pdb" /SUBSYSTEM:CONSOLE /TLBID:1 /DYNAMICBASE /NXCOMPAT /IMPLIB:"../gametest.lib" /MACHINE:X86 Debug\camera.obj
         Debug\entity.obj
         Debug\game.obj
         Debug\graphics.obj
         Debug\player.obj
         Debug\simple_logger.obj
         Debug\sprite.obj
         Debug\vector.obj
     1>player.obj : error LNK2019: unresolved external symbol "void __cdecl UpdatePlayer(struct Entity_S *)" (?UpdatePlayer@@YAXPAUEntity_S@@@Z) referenced in function "void __cdecl SpawnPlayer(int,int)" (?SpawnPlayer@@YAXHH@Z)
     1>player.obj : error LNK2019: unresolved external symbol "void __cdecl UpdateInput(void)" (?UpdateInput@@YAXXZ) referenced in function "void __cdecl PlayerThink(struct Entity_S *)" (?PlayerThink@@YAXPAUEntity_S@@@Z)
     1>../gametest.exe : fatal error LNK1120: 2 unresolved externals
     1>Done Building Project "C:\Worst ninja ever\win32\gametest.vcxproj" (build target(s)) -- FAILED.

Build FAILED.

Time Elapsed 00:00:00.43
